[2025-07-12T15:04:42.863Z] === 自动调参开始 ===
[2025-07-12T15:04:43.023Z] 测试权重组合 volRatio=0.10, turnover=0.10, turnoverVal=0.10, amplitude=0.70
[2025-07-12T15:04:51.383Z] 平均技术评分: 63.74, 筛选数量: 38
[2025-07-12T15:04:51.384Z] 新最佳配置，平均技术评分提升至 63.74
[2025-07-12T15:04:51.385Z] 测试权重组合 volRatio=0.10, turnover=0.10, turnoverVal=0.30, amplitude=0.50
[2025-07-12T15:04:52.387Z] 平均技术评分: 59.67, 筛选数量: 3
[2025-07-12T15:04:52.389Z] 测试权重组合 volRatio=0.10, turnover=0.10, turnoverVal=0.50, amplitude=0.30
[2025-07-12T15:04:52.390Z] 无股票通过筛选，跳过该组合
[2025-07-12T15:04:52.390Z] 测试权重组合 volRatio=0.10, turnover=0.10, turnoverVal=0.70, amplitude=0.10
[2025-07-12T15:04:52.391Z] 无股票通过筛选，跳过该组合
[2025-07-12T15:04:52.391Z] 测试权重组合 volRatio=0.10, turnover=0.30, turnoverVal=0.10, amplitude=0.50
[2025-07-12T15:04:52.906Z] 平均技术评分: 59.67, 筛选数量: 3
[2025-07-12T15:04:52.908Z] 测试权重组合 volRatio=0.10, turnover=0.30, turnoverVal=0.30, amplitude=0.30
[2025-07-12T15:04:52.909Z] 无股票通过筛选，跳过该组合
[2025-07-12T15:04:52.909Z] 测试权重组合 volRatio=0.10, turnover=0.30, turnoverVal=0.50, amplitude=0.10
[2025-07-12T15:04:52.910Z] 无股票通过筛选，跳过该组合
[2025-07-12T15:04:52.911Z] 测试权重组合 volRatio=0.10, turnover=0.50, turnoverVal=0.10, amplitude=0.30
[2025-07-12T15:04:52.912Z] 无股票通过筛选，跳过该组合
[2025-07-12T15:04:52.912Z] 测试权重组合 volRatio=0.10, turnover=0.50, turnoverVal=0.30, amplitude=0.10
[2025-07-12T15:04:52.912Z] 无股票通过筛选，跳过该组合
[2025-07-12T15:04:52.912Z] 测试权重组合 volRatio=0.10, turnover=0.70, turnoverVal=0.10, amplitude=0.10
[2025-07-12T15:04:52.913Z] 无股票通过筛选，跳过该组合
[2025-07-12T15:04:52.913Z] 测试权重组合 volRatio=0.30, turnover=0.10, turnoverVal=0.10, amplitude=0.50
[2025-07-12T15:04:53.622Z] 平均技术评分: 59.67, 筛选数量: 3
[2025-07-12T15:04:53.622Z] 测试权重组合 volRatio=0.30, turnover=0.10, turnoverVal=0.30, amplitude=0.30
[2025-07-12T15:04:53.623Z] 无股票通过筛选，跳过该组合
[2025-07-12T15:04:53.623Z] 测试权重组合 volRatio=0.30, turnover=0.10, turnoverVal=0.50, amplitude=0.10
[2025-07-12T15:04:53.624Z] 无股票通过筛选，跳过该组合
[2025-07-12T15:04:53.624Z] 测试权重组合 volRatio=0.30, turnover=0.30, turnoverVal=0.10, amplitude=0.30
[2025-07-12T15:04:53.624Z] 无股票通过筛选，跳过该组合
[2025-07-12T15:04:53.624Z] 测试权重组合 volRatio=0.30, turnover=0.30, turnoverVal=0.30, amplitude=0.10
[2025-07-12T15:04:53.625Z] 无股票通过筛选，跳过该组合
[2025-07-12T15:04:53.625Z] 测试权重组合 volRatio=0.30, turnover=0.50, turnoverVal=0.10, amplitude=0.10
[2025-07-12T15:04:53.625Z] 无股票通过筛选，跳过该组合
[2025-07-12T15:04:53.625Z] 测试权重组合 volRatio=0.50, turnover=0.10, turnoverVal=0.10, amplitude=0.30
[2025-07-12T15:04:53.626Z] 无股票通过筛选，跳过该组合
[2025-07-12T15:04:53.626Z] 测试权重组合 volRatio=0.50, turnover=0.10, turnoverVal=0.30, amplitude=0.10
[2025-07-12T15:04:53.626Z] 无股票通过筛选，跳过该组合
[2025-07-12T15:04:53.626Z] 测试权重组合 volRatio=0.50, turnover=0.30, turnoverVal=0.10, amplitude=0.10
[2025-07-12T15:04:53.626Z] 无股票通过筛选，跳过该组合
[2025-07-12T15:04:53.627Z] 测试权重组合 volRatio=0.70, turnover=0.10, turnoverVal=0.10, amplitude=0.10
[2025-07-12T15:04:53.627Z] 无股票通过筛选，跳过该组合
[2025-07-12T15:04:53.627Z] === 自动调参结束 ===
[2025-07-12T15:04:53.627Z] 最佳权重配置：{"wVolRatio":0.1,"wTurnover":0.1,"wTurnoverVal":0.1,"wAmplitude":0.7}
[2025-07-12T15:04:53.627Z] 对应平均技术评分：63.74
